[ 2016-07-02T21:47:04+08:00 ] ::1 /flow_manger/
INFO: [ app_init ] --START--
INFO: Run Behavior\BuildLiteBehavior [ RunTime:0.000014s ]
INFO: [ app_init ] --END-- [ RunTime:0.000994s ]
ERR: SQLSTATE[HY000] [1045] Access denied for user 'root'@'localhost' (using password: NO)

[ 2016-07-02T21:47:24+08:00 ] ::1 /flow_manger/
INFO: [ app_init ] --START--
INFO: Run Behavior\BuildLiteBehavior [ RunTime:0.000024s ]
INFO: [ app_init ] --END-- [ RunTime:0.000232s ]
ERR: SQLSTATE[HY000] [1049] Unknown database 'flow_manager'

[ 2016-07-02T21:53:43+08:00 ] ::1 /flow_manger/
INFO: [ app_init ] --START--
INFO: Run Behavior\BuildLiteBehavior [ RunTime:0.000012s ]
INFO: [ app_init ] --END-- [ RunTime:0.000116s ]

[ 2016-07-02T21:53:59+08:00 ] ::1 /flow_manger/
INFO: [ app_init ] --START--
INFO: Run Behavior\BuildLiteBehavior [ RunTime:0.000012s ]
INFO: [ app_init ] --END-- [ RunTime:0.000120s ]

[ 2016-07-02T21:54:05+08:00 ] ::1 /flow_manger/
INFO: [ app_init ] --START--
INFO: Run Behavior\BuildLiteBehavior [ RunTime:0.000011s ]
INFO: [ app_init ] --END-- [ RunTime:0.000113s ]

[ 2016-07-02T22:01:27+08:00 ] ::1 /flow_manger/
INFO: [ app_init ] --START--
INFO: Run Behavior\BuildLiteBehavior [ RunTime:0.000018s ]
INFO: [ app_init ] --END-- [ RunTime:0.000158s ]

[ 2016-07-02T22:01:56+08:00 ] ::1 /flow_manger/
INFO: [ app_init ] --START--
INFO: Run Behavior\BuildLiteBehavior [ RunTime:0.000015s ]
INFO: [ app_init ] --END-- [ RunTime:0.000104s ]

[ 2016-07-02T22:04:37+08:00 ] 192.168.1.106 /flow_manager/
INFO: [ app_init ] --START--
INFO: Run Behavior\BuildLiteBehavior [ RunTime:0.000010s ]
INFO: [ app_init ] --END-- [ RunTime:0.000380s ]

[ 2016-07-02T22:06:58+08:00 ] 192.168.1.106 /flow_manager/index.php/Home/Login/index
INFO: [ app_init ] --START--
INFO: Run Behavior\BuildLiteBehavior [ RunTime:0.000014s ]
INFO: [ app_init ] --END-- [ RunTime:0.000095s ]

[ 2016-07-02T22:27:23+08:00 ] 192.168.1.106 /flow_manager/
INFO: [ app_init ] --START--
INFO: Run Behavior\BuildLiteBehavior [ RunTime:0.000007s ]
INFO: [ app_init ] --END-- [ RunTime:0.000053s ]

[ 2016-07-02T22:27:27+08:00 ] 192.168.1.106 /flow_manager/
INFO: [ app_init ] --START--
INFO: Run Behavior\BuildLiteBehavior [ RunTime:0.000017s ]
INFO: [ app_init ] --END-- [ RunTime:0.000122s ]

[ 2016-07-02T22:27:28+08:00 ] 192.168.1.106 /flow_manager/
INFO: [ app_init ] --START--
INFO: Run Behavior\BuildLiteBehavior [ RunTime:0.000006s ]
INFO: [ app_init ] --END-- [ RunTime:0.000041s ]

[ 2016-07-02T22:29:58+08:00 ] 192.168.1.106 /flow_manager/
INFO: [ app_init ] --START--
INFO: Run Behavior\BuildLiteBehavior [ RunTime:0.000007s ]
INFO: [ app_init ] --END-- [ RunTime:0.000053s ]

